Apache Maven 3.8.1 (05c21c65bdfed0f71a2f2ada8b84da59348c4c5d)
Maven home: /usr/local/Cellar/maven/3.8.1/libexec
Java version: 15, vendor: Oracle Corporation, runtime: /Library/Java/JavaVirtualMachines/jdk-15.jdk/Contents/Home
Default locale: en_IN, platform encoding: US-ASCII
OS name: "mac os x", version: "10.16", arch: "x86_64", family: "mac"
[DEBUG] Created new class realm maven.api
[DEBUG] Importing foreign packages into class realm maven.api
[DEBUG]   Imported: javax.annotation.* < plexus.core
[DEBUG]   Imported: javax.annotation.security.* < plexus.core
[DEBUG]   Imported: javax.enterprise.inject.* < plexus.core
[DEBUG]   Imported: javax.enterprise.util.* < plexus.core
[DEBUG]   Imported: javax.inject.* < plexus.core
[DEBUG]   Imported: org.apache.maven.* < plexus.core
[DEBUG]   Imported: org.apache.maven.artifact < plexus.core
[DEBUG]   Imported: org.apache.maven.classrealm < plexus.core
[DEBUG]   Imported: org.apache.maven.cli < plexus.core
[DEBUG]   Imported: org.apache.maven.configuration < plexus.core
[DEBUG]   Imported: org.apache.maven.exception < plexus.core
[DEBUG]   Imported: org.apache.maven.execution < plexus.core
[DEBUG]   Imported: org.apache.maven.execution.scope < plexus.core
[DEBUG]   Imported: org.apache.maven.lifecycle < plexus.core
[DEBUG]   Imported: org.apache.maven.model < plexus.core
[DEBUG]   Imported: org.apache.maven.monitor < plexus.core
[DEBUG]   Imported: org.apache.maven.plugin < plexus.core
[DEBUG]   Imported: org.apache.maven.profiles < plexus.core
[DEBUG]   Imported: org.apache.maven.project < plexus.core
[DEBUG]   Imported: org.apache.maven.reporting < plexus.core
[DEBUG]   Imported: org.apache.maven.repository < plexus.core
[DEBUG]   Imported: org.apache.maven.rtinfo < plexus.core
[DEBUG]   Imported: org.apache.maven.settings < plexus.core
[DEBUG]   Imported: org.apache.maven.toolchain < plexus.core
[DEBUG]   Imported: org.apache.maven.usability < plexus.core
[DEBUG]   Imported: org.apache.maven.wagon.* < plexus.core
[DEBUG]   Imported: org.apache.maven.wagon.authentication < plexus.core
[DEBUG]   Imported: org.apache.maven.wagon.authorization < plexus.core
[DEBUG]   Imported: org.apache.maven.wagon.events < plexus.core
[DEBUG]   Imported: org.apache.maven.wagon.observers < plexus.core
[DEBUG]   Imported: org.apache.maven.wagon.proxy < plexus.core
[DEBUG]   Imported: org.apache.maven.wagon.repository < plexus.core
[DEBUG]   Imported: org.apache.maven.wagon.resource < plexus.core
[DEBUG]   Imported: org.codehaus.classworlds < plexus.core
[DEBUG]   Imported: org.codehaus.plexus.* < plexus.core
[DEBUG]   Imported: org.codehaus.plexus.classworlds < plexus.core
[DEBUG]   Imported: org.codehaus.plexus.component < plexus.core
[DEBUG]   Imported: org.codehaus.plexus.configuration < plexus.core
[DEBUG]   Imported: org.codehaus.plexus.container < plexus.core
[DEBUG]   Imported: org.codehaus.plexus.context < plexus.core
[DEBUG]   Imported: org.codehaus.plexus.lifecycle < plexus.core
[DEBUG]   Imported: org.codehaus.plexus.logging < plexus.core
[DEBUG]   Imported: org.codehaus.plexus.personality < plexus.core
[DEBUG]   Imported: org.codehaus.plexus.util.xml.Xpp3Dom < plexus.core
[DEBUG]   Imported: org.codehaus.plexus.util.xml.pull.XmlPullParser < plexus.core
[DEBUG]   Imported: org.codehaus.plexus.util.xml.pull.XmlPullParserException < plexus.core
[DEBUG]   Imported: org.codehaus.plexus.util.xml.pull.XmlSerializer < plexus.core
[DEBUG]   Imported: org.eclipse.aether.* < plexus.core
[DEBUG]   Imported: org.eclipse.aether.artifact < plexus.core
[DEBUG]   Imported: org.eclipse.aether.collection < plexus.core
[DEBUG]   Imported: org.eclipse.aether.deployment < plexus.core
[DEBUG]   Imported: org.eclipse.aether.graph < plexus.core
[DEBUG]   Imported: org.eclipse.aether.impl < plexus.core
[DEBUG]   Imported: org.eclipse.aether.installation < plexus.core
[DEBUG]   Imported: org.eclipse.aether.internal.impl < plexus.core
[DEBUG]   Imported: org.eclipse.aether.metadata < plexus.core
[DEBUG]   Imported: org.eclipse.aether.repository < plexus.core
[DEBUG]   Imported: org.eclipse.aether.resolution < plexus.core
[DEBUG]   Imported: org.eclipse.aether.spi < plexus.core
[DEBUG]   Imported: org.eclipse.aether.transfer < plexus.core
[DEBUG]   Imported: org.eclipse.aether.version < plexus.core
[DEBUG]   Imported: org.fusesource.jansi.* < plexus.core
[DEBUG]   Imported: org.slf4j.* < plexus.core
[DEBUG]   Imported: org.slf4j.event.* < plexus.core
[DEBUG]   Imported: org.slf4j.helpers.* < plexus.core
[DEBUG]   Imported: org.slf4j.spi.* < plexus.core
[DEBUG] Populating class realm maven.api
[INFO] Error stacktraces are turned on.
[DEBUG] Message scheme: color
[DEBUG] Message styles: debug info warning error success failure strong mojo project
[DEBUG] Reading global settings from /usr/local/Cellar/maven/3.8.1/libexec/conf/settings.xml
[DEBUG] Reading user settings from /Users/sritejkurapati/.m2/settings.xml
[DEBUG] Reading global toolchains from /usr/local/Cellar/maven/3.8.1/libexec/conf/toolchains.xml
[DEBUG] Reading user toolchains from /Users/sritejkurapati/.m2/toolchains.xml
[DEBUG] Using local repository at /Users/sritejkurapati/.m2/repository
[DEBUG] Using manager EnhancedLocalRepositoryManager with priority 10.0 for /Users/sritejkurapati/.m2/repository
[INFO] Scanning for projects...
[DEBUG] Extension realms for project com.testdemo:cucumbersample:jar:1.0-SNAPSHOT: (none)
[DEBUG] Looking up lifecycle mappings for packaging jar from ClassRealm[plexus.core, parent: null]
[DEBUG] === REACTOR BUILD PLAN ================================================
[DEBUG] Project: com.testdemo:cucumbersample:jar:1.0-SNAPSHOT
[DEBUG] Tasks:   [test]
[DEBUG] Style:   Regular
[DEBUG] =======================================================================
[INFO] 
[INFO] --------------------< com.testdemo:cucumbersample >---------------------
[INFO] Building cucumbersample 1.0-SNAPSHOT
[INFO] --------------------------------[ jar ]---------------------------------
[DEBUG] Lifecycle default -> [validate, initialize, generate-sources, process-sources, generate-resources, process-resources, compile, process-classes, generate-test-sources, process-test-sources, generate-test-resources, process-test-resources, test-compile, process-test-classes, test, prepare-package, package, pre-integration-test, integration-test, post-integration-test, verify, install, deploy]
[DEBUG] Lifecycle clean -> [pre-clean, clean, post-clean]
[DEBUG] Lifecycle site -> [pre-site, site, post-site, site-deploy]
[DEBUG] Using mirror maven-default-http-blocker (http://0.0.0.0/) for apache.snapshots (http://repository.apache.org/snapshots).
[DEBUG] Lifecycle default -> [validate, initialize, generate-sources, process-sources, generate-resources, process-resources, compile, process-classes, generate-test-sources, process-test-sources, generate-test-resources, process-test-resources, test-compile, process-test-classes, test, prepare-package, package, pre-integration-test, integration-test, post-integration-test, verify, install, deploy]
[DEBUG] Lifecycle clean -> [pre-clean, clean, post-clean]
[DEBUG] Lifecycle site -> [pre-site, site, post-site, site-deploy]
[DEBUG] Lifecycle default -> [validate, initialize, generate-sources, process-sources, generate-resources, process-resources, compile, process-classes, generate-test-sources, process-test-sources, generate-test-resources, process-test-resources, test-compile, process-test-classes, test, prepare-package, package, pre-integration-test, integration-test, post-integration-test, verify, install, deploy]
[DEBUG] Lifecycle clean -> [pre-clean, clean, post-clean]
[DEBUG] Lifecycle site -> [pre-site, site, post-site, site-deploy]
[DEBUG] Lifecycle default -> [validate, initialize, generate-sources, process-sources, generate-resources, process-resources, compile, process-classes, generate-test-sources, process-test-sources, generate-test-resources, process-test-resources, test-compile, process-test-classes, test, prepare-package, package, pre-integration-test, integration-test, post-integration-test, verify, install, deploy]
[DEBUG] Lifecycle clean -> [pre-clean, clean, post-clean]
[DEBUG] Lifecycle site -> [pre-site, site, post-site, site-deploy]
[DEBUG] Lifecycle default -> [validate, initialize, generate-sources, process-sources, generate-resources, process-resources, compile, process-classes, generate-test-sources, process-test-sources, generate-test-resources, process-test-resources, test-compile, process-test-classes, test, prepare-package, package, pre-integration-test, integration-test, post-integration-test, verify, install, deploy]
[DEBUG] Lifecycle clean -> [pre-clean, clean, post-clean]
[DEBUG] Lifecycle site -> [pre-site, site, post-site, site-deploy]
[DEBUG] Lifecycle default -> [validate, initialize, generate-sources, process-sources, generate-resources, process-resources, compile, process-classes, generate-test-sources, process-test-sources, generate-test-resources, process-test-resources, test-compile, process-test-classes, test, prepare-package, package, pre-integration-test, integration-test, post-integration-test, verify, install, deploy]
[DEBUG] Lifecycle clean -> [pre-clean, clean, post-clean]
[DEBUG] Lifecycle site -> [pre-site, site, post-site, site-deploy]
[DEBUG] === PROJECT BUILD PLAN ================================================
[DEBUG] Project:       com.testdemo:cucumbersample:1.0-SNAPSHOT
[DEBUG] Dependencies (collect): []
[DEBUG] Dependencies (resolve): [compile, test]
[DEBUG] Repositories (dependencies): [central (https://repo.maven.apache.org/maven2, default, releases)]
[DEBUG] Repositories (plugins)     : [central (https://repo.maven.apache.org/maven2, default, releases)]
[DEBUG] -----------------------------------------------------------------------
[DEBUG] Goal:          org.apache.maven.plugins:maven-resources-plugin:2.6:resources (default-resources)
[DEBUG] Style:         Regular
[DEBUG] Configuration: <?xml version="1.0" encoding="UTF-8"?>
<configuration>
  <buildFilters default-value="${project.build.filters}"/>
  <encoding default-value="${project.build.sourceEncoding}">${encoding}</encoding>
  <escapeString>${maven.resources.escapeString}</escapeString>
  <escapeWindowsPaths default-value="true">${maven.resources.escapeWindowsPaths}</escapeWindowsPaths>
  <includeEmptyDirs default-value="false">${maven.resources.includeEmptyDirs}</includeEmptyDirs>
  <outputDirectory default-value="${project.build.outputDirectory}"/>
  <overwrite default-value="false">${maven.resources.overwrite}</overwrite>
  <project default-value="${project}"/>
  <resources default-value="${project.resources}"/>
  <session default-value="${session}"/>
  <supportMultiLineFiltering default-value="false">${maven.resources.supportMultiLineFiltering}</supportMultiLineFiltering>
  <useBuildFilters default-value="true"/>
  <useDefaultDelimiters default-value="true"/>
</configuration>
[DEBUG] -----------------------------------------------------------------------
[DEBUG] Goal:          org.apache.maven.plugins:maven-compiler-plugin:3.7.0:compile (default-compile)
[DEBUG] Style:         Regular
[DEBUG] Configuration: <?xml version="1.0" encoding="UTF-8"?>
<configuration>
  <basedir default-value="${basedir}"/>
  <buildDirectory default-value="${project.build.directory}"/>
  <compilePath default-value="${project.compileClasspathElements}"/>
  <compileSourceRoots default-value="${project.compileSourceRoots}"/>
  <compilerId default-value="javac">${maven.compiler.compilerId}</compilerId>
  <compilerReuseStrategy default-value="${reuseCreated}">${maven.compiler.compilerReuseStrategy}</compilerReuseStrategy>
  <compilerVersion>${maven.compiler.compilerVersion}</compilerVersion>
  <debug default-value="true">${maven.compiler.debug}</debug>
  <debuglevel>${maven.compiler.debuglevel}</debuglevel>
  <encoding default-value="${project.build.sourceEncoding}">UTF-8</encoding>
  <executable>${maven.compiler.executable}</executable>
  <failOnError default-value="true">${maven.compiler.failOnError}</failOnError>
  <failOnWarning default-value="false">${maven.compiler.failOnWarning}</failOnWarning>
  <forceJavacCompilerUse default-value="false">${maven.compiler.forceJavacCompilerUse}</forceJavacCompilerUse>
  <fork default-value="false">${maven.compiler.fork}</fork>
  <generatedSourcesDirectory default-value="${project.build.directory}/generated-sources/annotations"/>
  <maxmem>${maven.compiler.maxmem}</maxmem>
  <meminitial>${maven.compiler.meminitial}</meminitial>
  <mojoExecution default-value="${mojoExecution}"/>
  <optimize default-value="false">${maven.compiler.optimize}</optimize>
  <outputDirectory default-value="${project.build.outputDirectory}"/>
  <parameters default-value="false">${maven.compiler.parameters}</parameters>
  <project default-value="${project}"/>
  <projectArtifact default-value="${project.artifact}"/>
  <release>${maven.compiler.release}</release>
  <session default-value="${session}"/>
  <showDeprecation default-value="false">${maven.compiler.showDeprecation}</showDeprecation>
  <showWarnings default-value="false">${maven.compiler.showWarnings}</showWarnings>
  <skipMain>${maven.main.skip}</skipMain>
  <skipMultiThreadWarning default-value="false">${maven.compiler.skipMultiThreadWarning}</skipMultiThreadWarning>
  <source default-value="1.5">1.8</source>
  <staleMillis default-value="0">${lastModGranularityMs}</staleMillis>
  <target default-value="1.5">1.8</target>
  <useIncrementalCompilation default-value="true">${maven.compiler.useIncrementalCompilation}</useIncrementalCompilation>
  <verbose default-value="false">${maven.compiler.verbose}</verbose>
</configuration>
[DEBUG] -----------------------------------------------------------------------
[DEBUG] Goal:          org.apache.maven.plugins:maven-resources-plugin:2.6:testResources (default-testResources)
[DEBUG] Style:         Regular
[DEBUG] Configuration: <?xml version="1.0" encoding="UTF-8"?>
<configuration>
  <buildFilters default-value="${project.build.filters}"/>
  <encoding default-value="${project.build.sourceEncoding}">${encoding}</encoding>
  <escapeString>${maven.resources.escapeString}</escapeString>
  <escapeWindowsPaths default-value="true">${maven.resources.escapeWindowsPaths}</escapeWindowsPaths>
  <includeEmptyDirs default-value="false">${maven.resources.includeEmptyDirs}</includeEmptyDirs>
  <outputDirectory default-value="${project.build.testOutputDirectory}"/>
  <overwrite default-value="false">${maven.resources.overwrite}</overwrite>
  <project default-value="${project}"/>
  <resources default-value="${project.testResources}"/>
  <session default-value="${session}"/>
  <skip>${maven.test.skip}</skip>
  <supportMultiLineFiltering default-value="false">${maven.resources.supportMultiLineFiltering}</supportMultiLineFiltering>
  <useBuildFilters default-value="true"/>
  <useDefaultDelimiters default-value="true"/>
</configuration>
[DEBUG] -----------------------------------------------------------------------
[DEBUG] Goal:          org.apache.maven.plugins:maven-compiler-plugin:3.7.0:testCompile (default-testCompile)
[DEBUG] Style:         Regular
[DEBUG] Configuration: <?xml version="1.0" encoding="UTF-8"?>
<configuration>
  <basedir default-value="${basedir}"/>
  <buildDirectory default-value="${project.build.directory}"/>
  <compilePath default-value="${project.compileClasspathElements}"/>
  <compileSourceRoots default-value="${project.testCompileSourceRoots}"/>
  <compilerId default-value="javac">${maven.compiler.compilerId}</compilerId>
  <compilerReuseStrategy default-value="${reuseCreated}">${maven.compiler.compilerReuseStrategy}</compilerReuseStrategy>
  <compilerVersion>${maven.compiler.compilerVersion}</compilerVersion>
  <debug default-value="true">${maven.compiler.debug}</debug>
  <debuglevel>${maven.compiler.debuglevel}</debuglevel>
  <encoding default-value="${project.build.sourceEncoding}">UTF-8</encoding>
  <executable>${maven.compiler.executable}</executable>
  <failOnError default-value="true">${maven.compiler.failOnError}</failOnError>
  <failOnWarning default-value="false">${maven.compiler.failOnWarning}</failOnWarning>
  <forceJavacCompilerUse default-value="false">${maven.compiler.forceJavacCompilerUse}</forceJavacCompilerUse>
  <fork default-value="false">${maven.compiler.fork}</fork>
  <generatedTestSourcesDirectory default-value="${project.build.directory}/generated-test-sources/test-annotations"/>
  <maxmem>${maven.compiler.maxmem}</maxmem>
  <meminitial>${maven.compiler.meminitial}</meminitial>
  <mojoExecution default-value="${mojoExecution}"/>
  <optimize default-value="false">${maven.compiler.optimize}</optimize>
  <outputDirectory default-value="${project.build.testOutputDirectory}"/>
  <parameters default-value="false">${maven.compiler.parameters}</parameters>
  <project default-value="${project}"/>
  <release>${maven.compiler.release}</release>
  <session default-value="${session}"/>
  <showDeprecation default-value="false">${maven.compiler.showDeprecation}</showDeprecation>
  <showWarnings default-value="false">${maven.compiler.showWarnings}</showWarnings>
  <skip>${maven.test.skip}</skip>
  <skipMultiThreadWarning default-value="false">${maven.compiler.skipMultiThreadWarning}</skipMultiThreadWarning>
  <source default-value="1.5">1.8</source>
  <staleMillis default-value="0">${lastModGranularityMs}</staleMillis>
  <target default-value="1.5">1.8</target>
  <testPath default-value="${project.testClasspathElements}"/>
  <testRelease>${maven.compiler.testRelease}</testRelease>
  <testSource>${maven.compiler.testSource}</testSource>
  <testTarget>${maven.compiler.testTarget}</testTarget>
  <useIncrementalCompilation default-value="true">${maven.compiler.useIncrementalCompilation}</useIncrementalCompilation>
  <verbose default-value="false">${maven.compiler.verbose}</verbose>
</configuration>
[DEBUG] -----------------------------------------------------------------------
[DEBUG] Goal:          org.apache.maven.plugins:maven-surefire-plugin:2.12.4:test (default-test)
[DEBUG] Style:         Regular
[DEBUG] Configuration: <?xml version="1.0" encoding="UTF-8"?>
<configuration>
  <argLine>${argLine}</argLine>
  <basedir default-value="${basedir}"/>
  <childDelegation default-value="false">${childDelegation}</childDelegation>
  <classesDirectory default-value="${project.build.outputDirectory}"/>
  <debugForkedProcess>${maven.surefire.debug}</debugForkedProcess>
  <disableXmlReport default-value="false">${disableXmlReport}</disableXmlReport>
  <enableAssertions default-value="true">${enableAssertions}</enableAssertions>
  <excludedGroups>${excludedGroups}</excludedGroups>
  <failIfNoSpecifiedTests>${surefire.failIfNoSpecifiedTests}</failIfNoSpecifiedTests>
  <failIfNoTests>${failIfNoTests}</failIfNoTests>
  <forkMode default-value="once">${forkMode}</forkMode>
  <forkedProcessTimeoutInSeconds>${surefire.timeout}</forkedProcessTimeoutInSeconds>
  <groups>${groups}</groups>
  <junitArtifactName default-value="junit:junit">${junitArtifactName}</junitArtifactName>
  <jvm>${jvm}</jvm>
  <localRepository default-value="${localRepository}"/>
  <objectFactory>${objectFactory}</objectFactory>
  <parallel>${parallel}</parallel>
  <parallelMavenExecution default-value="${session.parallel}"/>
  <perCoreThreadCount default-value="true">${perCoreThreadCount}</perCoreThreadCount>
  <pluginArtifactMap>${plugin.artifactMap}</pluginArtifactMap>
  <pluginDescriptor default-value="${plugin}"/>
  <printSummary default-value="true">${surefire.printSummary}</printSummary>
  <projectArtifactMap>${project.artifactMap}</projectArtifactMap>
  <redirectTestOutputToFile default-value="false">${maven.test.redirectTestOutputToFile}</redirectTestOutputToFile>
  <remoteRepositories default-value="${project.pluginArtifactRepositories}"/>
  <reportFormat default-value="brief">${surefire.reportFormat}</reportFormat>
  <reportNameSuffix default-value="">${surefire.reportNameSuffix}</reportNameSuffix>
  <reportsDirectory default-value="${project.build.directory}/surefire-reports"/>
  <runOrder default-value="filesystem"/>
  <skip default-value="false">${maven.test.skip}</skip>
  <skipExec>${maven.test.skip.exec}</skipExec>
  <skipTests default-value="false">${skipTests}</skipTests>
  <test>${test}</test>
  <testClassesDirectory default-value="${project.build.testOutputDirectory}"/>
  <testFailureIgnore default-value="false">${maven.test.failure.ignore}</testFailureIgnore>
  <testNGArtifactName default-value="org.testng:testng">${testNGArtifactName}</testNGArtifactName>
  <testSourceDirectory default-value="${project.build.testSourceDirectory}"/>
  <threadCount>${threadCount}</threadCount>
  <trimStackTrace default-value="true">${trimStackTrace}</trimStackTrace>
  <useFile default-value="true">${surefire.useFile}</useFile>
  <useManifestOnlyJar default-value="true">${surefire.useManifestOnlyJar}</useManifestOnlyJar>
  <useSystemClassLoader default-value="true">${surefire.useSystemClassLoader}</useSystemClassLoader>
  <useUnlimitedThreads default-value="false">${useUnlimitedThreads}</useUnlimitedThreads>
  <workingDirectory>${basedir}</workingDirectory>
  <project default-value="${project}"/>
  <session default-value="${session}"/>
</configuration>
[DEBUG] =======================================================================
[DEBUG] Dependency collection stats {ConflictMarker.analyzeTime=912018, ConflictMarker.markTime=173756, ConflictMarker.nodeCount=25, ConflictIdSorter.graphTime=533458, ConflictIdSorter.topsortTime=397526, ConflictIdSorter.conflictIdCount=13, ConflictIdSorter.conflictIdCycleCount=0, ConflictResolver.totalTime=4355620, ConflictResolver.conflictItemCount=23, DefaultDependencyCollector.collectTime=73873121, DefaultDependencyCollector.transformTime=10533880}
[DEBUG] com.testdemo:cucumbersample:jar:1.0-SNAPSHOT
[DEBUG]    io.cucumber:cucumber-java:jar:5.0.0:test
[DEBUG]       io.cucumber:cucumber-core:jar:5.0.0:test
[DEBUG]          io.cucumber:cucumber-gherkin:jar:5.0.0:test
[DEBUG]          io.cucumber:cucumber-gherkin-vintage:jar:5.0.0:test
[DEBUG]          io.cucumber:tag-expressions:jar:2.0.4:test
[DEBUG]          io.cucumber:cucumber-expressions:jar:8.3.1:test
[DEBUG]          io.cucumber:datatable:jar:3.2.0:test
[DEBUG]          io.cucumber:cucumber-plugin:jar:5.0.0:test
[DEBUG]          io.cucumber:docstring:jar:5.0.0:test
[DEBUG]       org.apiguardian:apiguardian-api:jar:1.1.0:test
[DEBUG]    io.cucumber:cucumber-junit:jar:5.0.0:test
[DEBUG]    junit:junit:jar:4.12:test
[DEBUG]       org.hamcrest:hamcrest-core:jar:1.3:test
[INFO] 
[INFO] --- maven-resources-plugin:2.6:resources (default-resources) @ cucumbersample ---
[DEBUG] Using mirror maven-default-http-blocker (http://0.0.0.0/) for apache.snapshots (http://people.apache.org/repo/m2-snapshot-repository).
[DEBUG] Using mirror maven-default-http-blocker (http://0.0.0.0/) for codehaus.snapshots (http://snapshots.repository.codehaus.org).
[DEBUG] Using mirror maven-default-http-blocker (http://0.0.0.0/) for snapshots (http://snapshots.maven.codehaus.org/maven2).
[DEBUG] Using mirror maven-default-http-blocker (http://0.0.0.0/) for central (http://repo1.maven.org/maven2).
[DEBUG] Dependency collection stats {ConflictMarker.analyzeTime=456385, ConflictMarker.markTime=211134, ConflictMarker.nodeCount=77, ConflictIdSorter.graphTime=301467, ConflictIdSorter.topsortTime=51684, ConflictIdSorter.conflictIdCount=26, ConflictIdSorter.conflictIdCycleCount=0, ConflictResolver.totalTime=3454933, ConflictResolver.conflictItemCount=74, DefaultDependencyCollector.collectTime=185203195, DefaultDependencyCollector.transformTime=4580198}
[DEBUG] org.apache.maven.plugins:maven-resources-plugin:jar:2.6
[DEBUG]    org.apache.maven:maven-plugin-api:jar:2.0.6:compile
[DEBUG]    org.apache.maven:maven-project:jar:2.0.6:compile
[DEBUG]       org.apache.maven:maven-profile:jar:2.0.6:compile
[DEBUG]       org.apache.maven:maven-artifact-manager:jar:2.0.6:compile
[DEBUG]       org.apache.maven:maven-plugin-registry:jar:2.0.6:compile
[DEBUG]    org.apache.maven:maven-core:jar:2.0.6:compile
[DEBUG]       org.apache.maven:maven-plugin-parameter-documenter:jar:2.0.6:compile
[DEBUG]       org.apache.maven.reporting:maven-reporting-api:jar:2.0.6:compile
[DEBUG]          org.apache.maven.doxia:doxia-sink-api:jar:1.0-alpha-7:compile
[DEBUG]       org.apache.maven:maven-repository-metadata:jar:2.0.6:compile
[DEBUG]       org.apache.maven:maven-error-diagnostics:jar:2.0.6:compile
[DEBUG]       commons-cli:commons-cli:jar:1.0:compile
[DEBUG]       org.apache.maven:maven-plugin-descriptor:jar:2.0.6:compile
[DEBUG]       org.codehaus.plexus:plexus-interactivity-api:jar:1.0-alpha-4:compile
[DEBUG]       classworlds:classworlds:jar:1.1:compile
[DEBUG]    org.apache.maven:maven-artifact:jar:2.0.6:compile
[DEBUG]    org.apache.maven:maven-settings:jar:2.0.6:compile
[DEBUG]    org.apache.maven:maven-model:jar:2.0.6:compile
[DEBUG]    org.apache.maven:maven-monitor:jar:2.0.6:compile
[DEBUG]    org.codehaus.plexus:plexus-container-default:jar:1.0-alpha-9-stable-1:compile
[DEBUG]       junit:junit:jar:3.8.1:compile
[DEBUG]    org.codehaus.plexus:plexus-utils:jar:2.0.5:compile
[DEBUG]    org.apache.maven.shared:maven-filtering:jar:1.1:compile
[DEBUG]       org.sonatype.plexus:plexus-build-api:jar:0.0.4:compile
[DEBUG]    org.codehaus.plexus:plexus-interpolation:jar:1.13:compile
[DEBUG] Created new class realm plugin>org.apache.maven.plugins:maven-resources-plugin:2.6
[DEBUG] Importing foreign packages into class realm plugin>org.apache.maven.plugins:maven-resources-plugin:2.6
[DEBUG]   Imported:  < maven.api
[DEBUG] Populating class realm plugin>org.apache.maven.plugins:maven-resources-plugin:2.6
[DEBUG]   Included: org.apache.maven.plugins:maven-resources-plugin:jar:2.6
[DEBUG]   Included: org.apache.maven.reporting:maven-reporting-api:jar:2.0.6
[DEBUG]   Included: org.apache.maven.doxia:doxia-sink-api:jar:1.0-alpha-7
[DEBUG]   Included: commons-cli:commons-cli:jar:1.0
[DEBUG]   Included: org.codehaus.plexus:plexus-interactivity-api:jar:1.0-alpha-4
[DEBUG]   Included: junit:junit:jar:3.8.1
[DEBUG]   Included: org.codehaus.plexus:plexus-utils:jar:2.0.5
[DEBUG]   Included: org.apache.maven.shared:maven-filtering:jar:1.1
[DEBUG]   Included: org.sonatype.plexus:plexus-build-api:jar:0.0.4
[DEBUG]   Included: org.codehaus.plexus:plexus-interpolation:jar:1.13
[DEBUG] Configuring mojo org.apache.maven.plugins:maven-resources-plugin:2.6:resources from plugin realm ClassRealm[plugin>org.apache.maven.plugins:maven-resources-plugin:2.6, parent: jdk.internal.loader.ClassLoaders$AppClassLoader@55054057]
[DEBUG] Configuring mojo 'org.apache.maven.plugins:maven-resources-plugin:2.6:resources' with basic configurator -->
[DEBUG]   (f) buildFilters = []
[DEBUG]   (f) encoding = UTF-8
[DEBUG]   (f) escapeWindowsPaths = true
[DEBUG]   (s) includeEmptyDirs = false
[DEBUG]   (s) outputDirectory = /Users/sritejkurapati/SampleCucumber/cucumbersample/target/classes
[DEBUG]   (s) overwrite = false
[DEBUG]   (f) project = MavenProject: com.testdemo:cucumbersample:1.0-SNAPSHOT @ /Users/sritejkurapati/SampleCucumber/cucumbersample/pom.xml
[DEBUG]   (s) resources = [Resource {targetPath: null, filtering: false, FileSet {directory: /Users/sritejkurapati/SampleCucumber/cucumbersample/src/main/resources, PatternSet [includes: {}, excludes: {}]}}]
[DEBUG]   (f) session = org.apache.maven.execution.MavenSession@30404dba
[DEBUG]   (f) supportMultiLineFiltering = false
[DEBUG]   (f) useBuildFilters = true
[DEBUG]   (s) useDefaultDelimiters = true
[DEBUG] -- end configuration --
[DEBUG] properties used {env.TERM=xterm-256color, java.specification.version=15, sun.arch.data.model=64, java.vendor.url=https://java.oracle.com/, sun.boot.library.path=/Library/Java/JavaVirtualMachines/jdk-15.jdk/Contents/Home/lib, sun.java.command=org.codehaus.plexus.classworlds.launcher.Launcher test --X, jdk.debug=release, maven.version=3.8.1, java.specification.vendor=Oracle Corporation, java.version.date=2020-09-15, java.home=/Library/Java/JavaVirtualMachines/jdk-15.jdk/Contents/Home, java.vm.specification.vendor=Oracle Corporation, java.specification.name=Java Platform API Specification, cucumber.version=5.0.0, sun.management.compiler=HotSpot 64-Bit Tiered Compilers, java.runtime.version=15+36-1562, env.PATH=/Users/sritejkurapati/opt/anaconda3/bin:/Users/sritejkurapati/opt/anaconda3/condabin:/Library/Frameworks/Python.framework/Versions/3.7/bin:/usr/local/bin:/usr/bin:/bin:/usr/sbin:/sbin:/usr/local/go/bin:/usr/local/share/dotnet:~/.dotnet/tools:/Library/Apple/usr/bin:/Library/Frameworks/Mono.framework/Versions/Current/Commands:/Library/Java/JavaVirtualMachines/jdk-15.jdk/Contents/Home:/usr/local/mysql/bin:/Users/sritejkurapati/node_modules/.bin/bin, env.__CFBundleIdentifier=com.jetbrains.intellij.ce, file.encoding=US-ASCII, env.SHLVL=1, java.io.tmpdir=/var/folders/z0/msdj5mss0mv0zmrvbwf1ds4w0000gn/T/, env.JAVA_MAIN_CLASS_11361=org.codehaus.plexus.classworlds.launcher.Launcher, java.version=15, env.CONDA_PYTHON_EXE=/Users/sritejkurapati/opt/anaconda3/bin/python, java.vm.specification.name=Java Virtual Machine Specification, java.library.path=/Users/sritejkurapati/Library/Java/Extensions:/Library/Java/Extensions:/Network/Library/Java/Extensions:/System/Library/Java/Extensions:/usr/lib/java:., java.vendor=Oracle Corporation, classworlds.conf=/usr/local/Cellar/maven/3.8.1/libexec/bin/m2.conf, sun.io.unicode.encoding=UnicodeBig, env.COMMAND_MODE=unix2003, env.CONDA_SHLVL=1, java.vm.specification.version=15, os.name=Mac OS X, http.nonProxyHosts=local|*.local|169.254/16|*.169.254/16, user.home=/Users/sritejkurapati, path.separator=:, os.version=10.16, java.vm.name=Java HotSpot(TM) 64-Bit Server VM, env.SHELL=/bin/bash, os.arch=x86_64, maven.multiModuleProjectDirectory=/Users/sritejkurapati/SampleCucumber/cucumbersample, env.MAVEN_PROJECTBASEDIR=/Users/sritejkurapati/SampleCucumber/cucumbersample, java.vm.info=mixed mode, sharing, env.USER=sritejkurapati, java.class.version=59.0, sun.jnu.encoding=UTF-8, env.TERMINAL_EMULATOR=JetBrains-JediTerm, env._CE_CONDA=, maven.build.version=Apache Maven 3.8.1 (05c21c65bdfed0f71a2f2ada8b84da59348c4c5d), maven.home=/usr/local/Cellar/maven/3.8.1/libexec, env.JAVA_HOME=/Library/Java/JavaVirtualMachines/jdk-15.jdk/Contents/Home, env.CONDA_PREFIX=/Users/sritejkurapati/opt/anaconda3, file.separator=/, java.vm.compressedOopsMode=Zero based, line.separator=
, user.name=sritejkurapati, env.LOGNAME=sritejkurapati, env.XPC_FLAGS=0x0, env.__CF_USER_TEXT_ENCODING=0x1F5:0x0:0x0, env.CONDA_DEFAULT_ENV=base, env.SSH_AUTH_SOCK=/private/tmp/com.apple.launchd.lKSm3dotuT/Listeners, env.TMPDIR=/var/folders/z0/msdj5mss0mv0zmrvbwf1ds4w0000gn/T/, library.jansi.path=/usr/local/Cellar/maven/3.8.1/libexec/lib/jansi-native, socksNonProxyHosts=local|*.local|169.254/16|*.169.254/16, env.OLDPWD=/Users/sritejkurapati/SampleCucumber/cucumbersample, env.PWD=/Users/sritejkurapati/SampleCucumber/cucumbersample, env.LC_CTYPE=en_IN.UTF-8, java.class.path=/usr/local/Cellar/maven/3.8.1/libexec/boot/plexus-classworlds-2.6.0.jar, env.HOME=/Users/sritejkurapati, java.vm.vendor=Oracle Corporation, maven.conf=/usr/local/Cellar/maven/3.8.1/libexec/conf, sun.java.launcher=SUN_STANDARD, user.country=IN, sun.cpu.endian=little, user.language=en, env.CONDA_EXE=/Users/sritejkurapati/opt/anaconda3/bin/conda, env.XPC_SERVICE_NAME=0, ftp.nonProxyHosts=local|*.local|169.254/16|*.169.254/16, java.runtime.name=Java(TM) SE Runtime Environment, project.build.sourceEncoding=UTF-8, env.CONDA_PROMPT_MODIFIER=(base) , env.MAVEN_CMD_LINE_ARGS= test --X, java.vendor.url.bug=https://bugreport.java.com/bugreport/, user.dir=/Users/sritejkurapati/SampleCucumber/cucumbersample, java.vm.version=15+36-1562, env._CE_M=}
[INFO] Using 'UTF-8' encoding to copy filtered resources.
[DEBUG] resource with targetPath null
directory /Users/sritejkurapati/SampleCucumber/cucumbersample/src/main/resources
excludes []
includes []
[INFO] skip non existing resourceDirectory /Users/sritejkurapati/SampleCucumber/cucumbersample/src/main/resources
[DEBUG] no use filter components
[INFO] 
[INFO] --- maven-compiler-plugin:3.7.0:compile (default-compile) @ cucumbersample ---
[DEBUG] Using mirror maven-default-http-blocker (http://0.0.0.0/) for ow2-snapshot (http://repository.ow2.org/nexus/content/repositories/snapshots).
[DEBUG] Dependency collection stats {ConflictMarker.analyzeTime=439672, ConflictMarker.markTime=255718, ConflictMarker.nodeCount=118, ConflictIdSorter.graphTime=155735, ConflictIdSorter.topsortTime=72257, ConflictIdSorter.conflictIdCount=45, ConflictIdSorter.conflictIdCycleCount=0, ConflictResolver.totalTime=3168294, ConflictResolver.conflictItemCount=72, DefaultDependencyCollector.collectTime=400489151, DefaultDependencyCollector.transformTime=4138440}
[DEBUG] org.apache.maven.plugins:maven-compiler-plugin:jar:3.7.0
[DEBUG]    org.apache.maven:maven-plugin-api:jar:3.0:compile
[DEBUG]       org.apache.maven:maven-model:jar:3.0:compile
[DEBUG]       org.sonatype.sisu:sisu-inject-plexus:jar:1.4.2:compile
[DEBUG]          org.sonatype.sisu:sisu-inject-bean:jar:1.4.2:compile
[DEBUG]             org.sonatype.sisu:sisu-guice:jar:noaop:2.1.7:compile
[DEBUG]    org.apache.maven:maven-artifact:jar:3.0:compile
[DEBUG]       org.codehaus.plexus:plexus-utils:jar:2.0.4:compile
[DEBUG]    org.apache.maven:maven-core:jar:3.0:compile
[DEBUG]       org.apache.maven:maven-settings:jar:3.0:compile
[DEBUG]       org.apache.maven:maven-settings-builder:jar:3.0:compile
[DEBUG]       org.apache.maven:maven-repository-metadata:jar:3.0:compile
[DEBUG]       org.apache.maven:maven-model-builder:jar:3.0:compile
[DEBUG]       org.apache.maven:maven-aether-provider:jar:3.0:runtime
[DEBUG]       org.sonatype.aether:aether-impl:jar:1.7:compile
[DEBUG]          org.sonatype.aether:aether-spi:jar:1.7:compile
[DEBUG]       org.sonatype.aether:aether-api:jar:1.7:compile
[DEBUG]       org.sonatype.aether:aether-util:jar:1.7:compile
[DEBUG]       org.codehaus.plexus:plexus-interpolation:jar:1.14:compile
[DEBUG]       org.codehaus.plexus:plexus-classworlds:jar:2.2.3:compile
[DEBUG]       org.codehaus.plexus:plexus-component-annotations:jar:1.6:compile (version managed from default)
[DEBUG]       org.sonatype.plexus:plexus-sec-dispatcher:jar:1.3:compile
[DEBUG]          org.sonatype.plexus:plexus-cipher:jar:1.4:compile
[DEBUG]    org.apache.maven.shared:maven-shared-utils:jar:3.1.0:compile
[DEBUG]       commons-io:commons-io:jar:2.5:compile
[DEBUG]    org.apache.maven.shared:maven-shared-incremental:jar:1.1:compile
[DEBUG]    org.codehaus.plexus:plexus-java:jar:0.9.2:compile
[DEBUG]       org.ow2.asm:asm:jar:6.0_BETA:compile
[DEBUG]       com.thoughtworks.qdox:qdox:jar:2.0-M7:compile
[DEBUG]    org.codehaus.plexus:plexus-compiler-api:jar:2.8.2:compile
[DEBUG]    org.codehaus.plexus:plexus-compiler-manager:jar:2.8.2:compile
[DEBUG]    org.codehaus.plexus:plexus-compiler-javac:jar:2.8.2:runtime
[DEBUG] Created new class realm plugin>org.apache.maven.plugins:maven-compiler-plugin:3.7.0
[DEBUG] Importing foreign packages into class realm plugin>org.apache.maven.plugins:maven-compiler-plugin:3.7.0
[DEBUG]   Imported:  < maven.api
[DEBUG] Populating class realm plugin>org.apache.maven.plugins:maven-compiler-plugin:3.7.0
[DEBUG]   Included: org.apache.maven.plugins:maven-compiler-plugin:jar:3.7.0
[DEBUG]   Included: org.sonatype.sisu:sisu-inject-bean:jar:1.4.2
[DEBUG]   Included: org.sonatype.sisu:sisu-guice:jar:noaop:2.1.7
[DEBUG]   Included: org.codehaus.plexus:plexus-utils:jar:2.0.4
[DEBUG]   Included: org.sonatype.aether:aether-util:jar:1.7
[DEBUG]   Included: org.codehaus.plexus:plexus-interpolation:jar:1.14
[DEBUG]   Included: org.codehaus.plexus:plexus-component-annotations:jar:1.6
[DEBUG]   Included: org.sonatype.plexus:plexus-sec-dispatcher:jar:1.3
[DEBUG]   Included: org.sonatype.plexus:plexus-cipher:jar:1.4
[DEBUG]   Included: org.apache.maven.shared:maven-shared-utils:jar:3.1.0
[DEBUG]   Included: commons-io:commons-io:jar:2.5
[DEBUG]   Included: org.apache.maven.shared:maven-shared-incremental:jar:1.1
[DEBUG]   Included: org.codehaus.plexus:plexus-java:jar:0.9.2
[DEBUG]   Included: org.ow2.asm:asm:jar:6.0_BETA
[DEBUG]   Included: com.thoughtworks.qdox:qdox:jar:2.0-M7
[DEBUG]   Included: org.codehaus.plexus:plexus-compiler-api:jar:2.8.2
[DEBUG]   Included: org.codehaus.plexus:plexus-compiler-manager:jar:2.8.2
[DEBUG]   Included: org.codehaus.plexus:plexus-compiler-javac:jar:2.8.2
[DEBUG] Configuring mojo org.apache.maven.plugins:maven-compiler-plugin:3.7.0:compile from plugin realm ClassRealm[plugin>org.apache.maven.plugins:maven-compiler-plugin:3.7.0, parent: jdk.internal.loader.ClassLoaders$AppClassLoader@55054057]
[DEBUG] Configuring mojo 'org.apache.maven.plugins:maven-compiler-plugin:3.7.0:compile' with basic configurator -->
[DEBUG]   (f) basedir = /Users/sritejkurapati/SampleCucumber/cucumbersample
[DEBUG]   (f) buildDirectory = /Users/sritejkurapati/SampleCucumber/cucumbersample/target
[DEBUG]   (f) compilePath = [/Users/sritejkurapati/SampleCucumber/cucumbersample/target/classes]
[DEBUG]   (f) compileSourceRoots = [/Users/sritejkurapati/SampleCucumber/cucumbersample/src/main/java]
[DEBUG]   (f) compilerId = javac
[DEBUG]   (f) debug = true
[DEBUG]   (f) encoding = UTF-8
[DEBUG]   (f) failOnError = true
[DEBUG]   (f) failOnWarning = false
[DEBUG]   (f) forceJavacCompilerUse = false
[DEBUG]   (f) fork = false
[DEBUG]   (f) generatedSourcesDirectory = /Users/sritejkurapati/SampleCucumber/cucumbersample/target/generated-sources/annotations
[DEBUG]   (f) mojoExecution = org.apache.maven.plugins:maven-compiler-plugin:3.7.0:compile {execution: default-compile}
[DEBUG]   (f) optimize = false
[DEBUG]   (f) outputDirectory = /Users/sritejkurapati/SampleCucumber/cucumbersample/target/classes
[DEBUG]   (f) parameters = false
[DEBUG]   (f) project = MavenProject: com.testdemo:cucumbersample:1.0-SNAPSHOT @ /Users/sritejkurapati/SampleCucumber/cucumbersample/pom.xml
[DEBUG]   (f) projectArtifact = com.testdemo:cucumbersample:jar:1.0-SNAPSHOT
[DEBUG]   (f) session = org.apache.maven.execution.MavenSession@30404dba
[DEBUG]   (f) showDeprecation = false
[DEBUG]   (f) showWarnings = false
[DEBUG]   (f) skipMultiThreadWarning = false
[DEBUG]   (f) source = 1.8
[DEBUG]   (f) staleMillis = 0
[DEBUG]   (f) target = 1.8
[DEBUG]   (f) useIncrementalCompilation = true
[DEBUG]   (f) verbose = false
[DEBUG] -- end configuration --
[DEBUG] Using compiler 'javac'.
[INFO] No sources to compile
[INFO] 
[INFO] --- maven-resources-plugin:2.6:testResources (default-testResources) @ cucumbersample ---
[DEBUG] Configuring mojo org.apache.maven.plugins:maven-resources-plugin:2.6:testResources from plugin realm ClassRealm[plugin>org.apache.maven.plugins:maven-resources-plugin:2.6, parent: jdk.internal.loader.ClassLoaders$AppClassLoader@55054057]
[DEBUG] Configuring mojo 'org.apache.maven.plugins:maven-resources-plugin:2.6:testResources' with basic configurator -->
[DEBUG]   (f) buildFilters = []
[DEBUG]   (f) encoding = UTF-8
[DEBUG]   (f) escapeWindowsPaths = true
[DEBUG]   (s) includeEmptyDirs = false
[DEBUG]   (s) outputDirectory = /Users/sritejkurapati/SampleCucumber/cucumbersample/target/test-classes
[DEBUG]   (s) overwrite = false
[DEBUG]   (f) project = MavenProject: com.testdemo:cucumbersample:1.0-SNAPSHOT @ /Users/sritejkurapati/SampleCucumber/cucumbersample/pom.xml
[DEBUG]   (s) resources = [Resource {targetPath: null, filtering: false, FileSet {directory: /Users/sritejkurapati/SampleCucumber/cucumbersample/src/test/resources, PatternSet [includes: {}, excludes: {}]}}]
[DEBUG]   (f) session = org.apache.maven.execution.MavenSession@30404dba
[DEBUG]   (f) supportMultiLineFiltering = false
[DEBUG]   (f) useBuildFilters = true
[DEBUG]   (s) useDefaultDelimiters = true
[DEBUG] -- end configuration --
[DEBUG] properties used {env.TERM=xterm-256color, java.specification.version=15, sun.arch.data.model=64, java.vendor.url=https://java.oracle.com/, sun.boot.library.path=/Library/Java/JavaVirtualMachines/jdk-15.jdk/Contents/Home/lib, sun.java.command=org.codehaus.plexus.classworlds.launcher.Launcher test --X, jdk.debug=release, maven.version=3.8.1, java.specification.vendor=Oracle Corporation, java.version.date=2020-09-15, java.home=/Library/Java/JavaVirtualMachines/jdk-15.jdk/Contents/Home, java.vm.specification.vendor=Oracle Corporation, java.specification.name=Java Platform API Specification, cucumber.version=5.0.0, sun.management.compiler=HotSpot 64-Bit Tiered Compilers, java.runtime.version=15+36-1562, env.PATH=/Users/sritejkurapati/opt/anaconda3/bin:/Users/sritejkurapati/opt/anaconda3/condabin:/Library/Frameworks/Python.framework/Versions/3.7/bin:/usr/local/bin:/usr/bin:/bin:/usr/sbin:/sbin:/usr/local/go/bin:/usr/local/share/dotnet:~/.dotnet/tools:/Library/Apple/usr/bin:/Library/Frameworks/Mono.framework/Versions/Current/Commands:/Library/Java/JavaVirtualMachines/jdk-15.jdk/Contents/Home:/usr/local/mysql/bin:/Users/sritejkurapati/node_modules/.bin/bin, env.__CFBundleIdentifier=com.jetbrains.intellij.ce, file.encoding=US-ASCII, env.SHLVL=1, java.io.tmpdir=/var/folders/z0/msdj5mss0mv0zmrvbwf1ds4w0000gn/T/, env.JAVA_MAIN_CLASS_11361=org.codehaus.plexus.classworlds.launcher.Launcher, java.version=15, env.CONDA_PYTHON_EXE=/Users/sritejkurapati/opt/anaconda3/bin/python, java.vm.specification.name=Java Virtual Machine Specification, java.library.path=/Users/sritejkurapati/Library/Java/Extensions:/Library/Java/Extensions:/Network/Library/Java/Extensions:/System/Library/Java/Extensions:/usr/lib/java:., java.vendor=Oracle Corporation, classworlds.conf=/usr/local/Cellar/maven/3.8.1/libexec/bin/m2.conf, sun.io.unicode.encoding=UnicodeBig, env.COMMAND_MODE=unix2003, env.CONDA_SHLVL=1, java.vm.specification.version=15, os.name=Mac OS X, http.nonProxyHosts=local|*.local|169.254/16|*.169.254/16, user.home=/Users/sritejkurapati, path.separator=:, os.version=10.16, java.vm.name=Java HotSpot(TM) 64-Bit Server VM, env.SHELL=/bin/bash, os.arch=x86_64, maven.multiModuleProjectDirectory=/Users/sritejkurapati/SampleCucumber/cucumbersample, env.MAVEN_PROJECTBASEDIR=/Users/sritejkurapati/SampleCucumber/cucumbersample, java.vm.info=mixed mode, sharing, env.USER=sritejkurapati, java.class.version=59.0, sun.jnu.encoding=UTF-8, env.TERMINAL_EMULATOR=JetBrains-JediTerm, env._CE_CONDA=, maven.build.version=Apache Maven 3.8.1 (05c21c65bdfed0f71a2f2ada8b84da59348c4c5d), maven.home=/usr/local/Cellar/maven/3.8.1/libexec, env.JAVA_HOME=/Library/Java/JavaVirtualMachines/jdk-15.jdk/Contents/Home, env.CONDA_PREFIX=/Users/sritejkurapati/opt/anaconda3, file.separator=/, java.vm.compressedOopsMode=Zero based, line.separator=
, user.name=sritejkurapati, env.LOGNAME=sritejkurapati, env.XPC_FLAGS=0x0, env.__CF_USER_TEXT_ENCODING=0x1F5:0x0:0x0, env.CONDA_DEFAULT_ENV=base, env.SSH_AUTH_SOCK=/private/tmp/com.apple.launchd.lKSm3dotuT/Listeners, env.TMPDIR=/var/folders/z0/msdj5mss0mv0zmrvbwf1ds4w0000gn/T/, library.jansi.path=/usr/local/Cellar/maven/3.8.1/libexec/lib/jansi-native, socksNonProxyHosts=local|*.local|169.254/16|*.169.254/16, env.OLDPWD=/Users/sritejkurapati/SampleCucumber/cucumbersample, env.PWD=/Users/sritejkurapati/SampleCucumber/cucumbersample, env.LC_CTYPE=en_IN.UTF-8, java.class.path=/usr/local/Cellar/maven/3.8.1/libexec/boot/plexus-classworlds-2.6.0.jar, env.HOME=/Users/sritejkurapati, java.vm.vendor=Oracle Corporation, maven.conf=/usr/local/Cellar/maven/3.8.1/libexec/conf, sun.java.launcher=SUN_STANDARD, user.country=IN, sun.cpu.endian=little, user.language=en, env.CONDA_EXE=/Users/sritejkurapati/opt/anaconda3/bin/conda, env.XPC_SERVICE_NAME=0, ftp.nonProxyHosts=local|*.local|169.254/16|*.169.254/16, java.runtime.name=Java(TM) SE Runtime Environment, project.build.sourceEncoding=UTF-8, env.CONDA_PROMPT_MODIFIER=(base) , env.MAVEN_CMD_LINE_ARGS= test --X, java.vendor.url.bug=https://bugreport.java.com/bugreport/, user.dir=/Users/sritejkurapati/SampleCucumber/cucumbersample, java.vm.version=15+36-1562, env._CE_M=}
[INFO] Using 'UTF-8' encoding to copy filtered resources.
[DEBUG] resource with targetPath null
directory /Users/sritejkurapati/SampleCucumber/cucumbersample/src/test/resources
excludes []
includes []
[DEBUG] ignoreDelta true
[INFO] Copying 3 resources
[DEBUG] file Sample2.feature has a filtered file extension
[DEBUG] copy /Users/sritejkurapati/SampleCucumber/cucumbersample/src/test/resources/com/testdemo/Sample2.feature to /Users/sritejkurapati/SampleCucumber/cucumbersample/target/test-classes/com/testdemo/Sample2.feature
[DEBUG] file .gitkeep has a filtered file extension
[DEBUG] copy /Users/sritejkurapati/SampleCucumber/cucumbersample/src/test/resources/com/testdemo/.gitkeep to /Users/sritejkurapati/SampleCucumber/cucumbersample/target/test-classes/com/testdemo/.gitkeep
[DEBUG] file Sample.feature has a filtered file extension
[DEBUG] copy /Users/sritejkurapati/SampleCucumber/cucumbersample/src/test/resources/com/testdemo/Sample.feature to /Users/sritejkurapati/SampleCucumber/cucumbersample/target/test-classes/com/testdemo/Sample.feature
[DEBUG] no use filter components
[INFO] 
[INFO] --- maven-compiler-plugin:3.7.0:testCompile (default-testCompile) @ cucumbersample ---
[DEBUG] Configuring mojo org.apache.maven.plugins:maven-compiler-plugin:3.7.0:testCompile from plugin realm ClassRealm[plugin>org.apache.maven.plugins:maven-compiler-plugin:3.7.0, parent: jdk.internal.loader.ClassLoaders$AppClassLoader@55054057]
[DEBUG] Configuring mojo 'org.apache.maven.plugins:maven-compiler-plugin:3.7.0:testCompile' with basic configurator -->
[DEBUG]   (f) basedir = /Users/sritejkurapati/SampleCucumber/cucumbersample
[DEBUG]   (f) buildDirectory = /Users/sritejkurapati/SampleCucumber/cucumbersample/target
[DEBUG]   (f) compilePath = [/Users/sritejkurapati/SampleCucumber/cucumbersample/target/classes]
[DEBUG]   (f) compileSourceRoots = [/Users/sritejkurapati/SampleCucumber/cucumbersample/src/test/java]
[DEBUG]   (f) compilerId = javac
[DEBUG]   (f) debug = true
[DEBUG]   (f) encoding = UTF-8
[DEBUG]   (f) failOnError = true
[DEBUG]   (f) failOnWarning = false
[DEBUG]   (f) forceJavacCompilerUse = false
[DEBUG]   (f) fork = false
[DEBUG]   (f) generatedTestSourcesDirectory = /Users/sritejkurapati/SampleCucumber/cucumbersample/target/generated-test-sources/test-annotations
[DEBUG]   (f) mojoExecution = org.apache.maven.plugins:maven-compiler-plugin:3.7.0:testCompile {execution: default-testCompile}
[DEBUG]   (f) optimize = false
[DEBUG]   (f) outputDirectory = /Users/sritejkurapati/SampleCucumber/cucumbersample/target/test-classes
[DEBUG]   (f) parameters = false
[DEBUG]   (f) project = MavenProject: com.testdemo:cucumbersample:1.0-SNAPSHOT @ /Users/sritejkurapati/SampleCucumber/cucumbersample/pom.xml
[DEBUG]   (f) session = org.apache.maven.execution.MavenSession@30404dba
[DEBUG]   (f) showDeprecation = false
[DEBUG]   (f) showWarnings = false
[DEBUG]   (f) skipMultiThreadWarning = false
[DEBUG]   (f) source = 1.8
[DEBUG]   (f) staleMillis = 0
[DEBUG]   (f) target = 1.8
[DEBUG]   (f) testPath = [/Users/sritejkurapati/SampleCucumber/cucumbersample/target/test-classes, /Users/sritejkurapati/SampleCucumber/cucumbersample/target/classes, /Users/sritejkurapati/.m2/repository/io/cucumber/cucumber-java/5.0.0/cucumber-java-5.0.0.jar, /Users/sritejkurapati/.m2/repository/io/cucumber/cucumber-core/5.0.0/cucumber-core-5.0.0.jar, /Users/sritejkurapati/.m2/repository/io/cucumber/cucumber-gherkin/5.0.0/cucumber-gherkin-5.0.0.jar, /Users/sritejkurapati/.m2/repository/io/cucumber/cucumber-gherkin-vintage/5.0.0/cucumber-gherkin-vintage-5.0.0.jar, /Users/sritejkurapati/.m2/repository/io/cucumber/tag-expressions/2.0.4/tag-expressions-2.0.4.jar, /Users/sritejkurapati/.m2/repository/io/cucumber/cucumber-expressions/8.3.1/cucumber-expressions-8.3.1.jar, /Users/sritejkurapati/.m2/repository/io/cucumber/datatable/3.2.0/datatable-3.2.0.jar, /Users/sritejkurapati/.m2/repository/io/cucumber/cucumber-plugin/5.0.0/cucumber-plugin-5.0.0.jar, /Users/sritejkurapati/.m2/repository/io/cucumber/docstring/5.0.0/docstring-5.0.0.jar, /Users/sritejkurapati/.m2/repository/org/apiguardian/apiguardian-api/1.1.0/apiguardian-api-1.1.0.jar, /Users/sritejkurapati/.m2/repository/io/cucumber/cucumber-junit/5.0.0/cucumber-junit-5.0.0.jar, /Users/sritejkurapati/.m2/repository/junit/junit/4.12/junit-4.12.jar, /Users/sritejkurapati/.m2/repository/org/hamcrest/hamcrest-core/1.3/hamcrest-core-1.3.jar]
[DEBUG]   (f) useIncrementalCompilation = true
[DEBUG]   (f) verbose = false
[DEBUG] -- end configuration --
[DEBUG] Using compiler 'javac'.
[DEBUG] Adding /Users/sritejkurapati/SampleCucumber/cucumbersample/target/generated-test-sources/test-annotations to test-compile source roots:
  /Users/sritejkurapati/SampleCucumber/cucumbersample/src/test/java
[DEBUG] New test-compile source roots:
  /Users/sritejkurapati/SampleCucumber/cucumbersample/src/test/java
  /Users/sritejkurapati/SampleCucumber/cucumbersample/target/generated-test-sources/test-annotations
[DEBUG] CompilerReuseStrategy: reuseCreated
[DEBUG] useIncrementalCompilation enabled
[INFO] Nothing to compile - all classes are up to date
[INFO] 
[INFO] --- maven-surefire-plugin:2.12.4:test (default-test) @ cucumbersample ---
[DEBUG] Dependency collection stats {ConflictMarker.analyzeTime=434679, ConflictMarker.markTime=227602, ConflictMarker.nodeCount=132, ConflictIdSorter.graphTime=238440, ConflictIdSorter.topsortTime=47062, ConflictIdSorter.conflictIdCount=27, ConflictIdSorter.conflictIdCycleCount=0, ConflictResolver.totalTime=1170787, ConflictResolver.conflictItemCount=77, DefaultDependencyCollector.collectTime=159229587, DefaultDependencyCollector.transformTime=2157838}
[DEBUG] org.apache.maven.plugins:maven-surefire-plugin:jar:2.12.4
[DEBUG]    org.apache.maven:maven-plugin-api:jar:2.0.9:compile
[DEBUG]    org.apache.maven.surefire:surefire-booter:jar:2.12.4:compile
[DEBUG]       org.apache.maven.surefire:surefire-api:jar:2.12.4:compile (version managed from default)
[DEBUG]    org.apache.maven.surefire:maven-surefire-common:jar:2.12.4:compile
[DEBUG]       org.apache.commons:commons-lang3:jar:3.1:compile (version managed from default)
[DEBUG]       org.apache.maven.shared:maven-common-artifact-filters:jar:1.3:compile
[DEBUG]    org.codehaus.plexus:plexus-utils:jar:3.0.8:compile
[DEBUG]    org.apache.maven:maven-artifact:jar:2.0.9:compile
[DEBUG]    org.apache.maven:maven-project:jar:2.0.9:compile
[DEBUG]       org.apache.maven:maven-settings:jar:2.0.9:compile
[DEBUG]       org.apache.maven:maven-profile:jar:2.0.9:compile
[DEBUG]       org.apache.maven:maven-model:jar:2.0.9:compile (version managed from default)
[DEBUG]       org.apache.maven:maven-artifact-manager:jar:2.0.9:compile
[DEBUG]       org.apache.maven:maven-plugin-registry:jar:2.0.9:compile
[DEBUG]       org.codehaus.plexus:plexus-container-default:jar:1.0-alpha-9-stable-1:compile
[DEBUG]          junit:junit:jar:3.8.1:test (scope managed from default) (version managed from default)
[DEBUG]    org.apache.maven:maven-core:jar:2.0.9:compile (exclusions managed from default)
[DEBUG]       org.apache.maven:maven-plugin-parameter-documenter:jar:2.0.9:compile
[DEBUG]       org.apache.maven.reporting:maven-reporting-api:jar:2.0.9:compile
[DEBUG]       org.apache.maven:maven-repository-metadata:jar:2.0.9:compile
[DEBUG]       org.apache.maven:maven-error-diagnostics:jar:2.0.9:compile
[DEBUG]       org.apache.maven:maven-plugin-descriptor:jar:2.0.9:compile
[DEBUG]       org.apache.maven:maven-monitor:jar:2.0.9:compile
[DEBUG]       classworlds:classworlds:jar:1.1:compile
[DEBUG]    org.apache.maven:maven-toolchain:jar:2.0.9:compile
[DEBUG]    org.apache.maven.plugin-tools:maven-plugin-annotations:jar:3.1:compile
[DEBUG] Created new class realm plugin>org.apache.maven.plugins:maven-surefire-plugin:2.12.4
[DEBUG] Importing foreign packages into class realm plugin>org.apache.maven.plugins:maven-surefire-plugin:2.12.4
[DEBUG]   Imported:  < maven.api
[DEBUG] Populating class realm plugin>org.apache.maven.plugins:maven-surefire-plugin:2.12.4
[DEBUG]   Included: org.apache.maven.plugins:maven-surefire-plugin:jar:2.12.4
[DEBUG]   Included: org.apache.maven.surefire:surefire-booter:jar:2.12.4
[DEBUG]   Included: org.apache.maven.surefire:surefire-api:jar:2.12.4
[DEBUG]   Included: org.apache.maven.surefire:maven-surefire-common:jar:2.12.4
[DEBUG]   Included: org.apache.commons:commons-lang3:jar:3.1
[DEBUG]   Included: org.apache.maven.shared:maven-common-artifact-filters:jar:1.3
[DEBUG]   Included: org.codehaus.plexus:plexus-utils:jar:3.0.8
[DEBUG]   Included: org.apache.maven.reporting:maven-reporting-api:jar:2.0.9
[DEBUG]   Included: org.apache.maven.plugin-tools:maven-plugin-annotations:jar:3.1
[DEBUG] Configuring mojo org.apache.maven.plugins:maven-surefire-plugin:2.12.4:test from plugin realm ClassRealm[plugin>org.apache.maven.plugins:maven-surefire-plugin:2.12.4, parent: jdk.internal.loader.ClassLoaders$AppClassLoader@55054057]
[DEBUG] Configuring mojo 'org.apache.maven.plugins:maven-surefire-plugin:2.12.4:test' with basic configurator -->
[DEBUG]   (s) basedir = /Users/sritejkurapati/SampleCucumber/cucumbersample
[DEBUG]   (s) childDelegation = false
[DEBUG]   (s) classesDirectory = /Users/sritejkurapati/SampleCucumber/cucumbersample/target/classes
[DEBUG]   (s) disableXmlReport = false
[DEBUG]   (s) enableAssertions = true
[DEBUG]   (s) forkMode = once
[DEBUG]   (s) junitArtifactName = junit:junit
[DEBUG]   (s) localRepository =       id: local
      url: file:///Users/sritejkurapati/.m2/repository/
   layout: default
snapshots: [enabled => true, update => always]
 releases: [enabled => true, update => always]
   blocked: false

[DEBUG]   (f) parallelMavenExecution = false
[DEBUG]   (s) perCoreThreadCount = true
[DEBUG]   (s) pluginArtifactMap = {org.apache.maven.plugins:maven-surefire-plugin=org.apache.maven.plugins:maven-surefire-plugin:maven-plugin:2.12.4:, org.apache.maven:maven-plugin-api=org.apache.maven:maven-plugin-api:jar:2.0.9:compile, org.apache.maven.surefire:surefire-booter=org.apache.maven.surefire:surefire-booter:jar:2.12.4:compile, org.apache.maven.surefire:surefire-api=org.apache.maven.surefire:surefire-api:jar:2.12.4:compile, org.apache.maven.surefire:maven-surefire-common=org.apache.maven.surefire:maven-surefire-common:jar:2.12.4:compile, org.apache.commons:commons-lang3=org.apache.commons:commons-lang3:jar:3.1:compile, org.apache.maven.shared:maven-common-artifact-filters=org.apache.maven.shared:maven-common-artifact-filters:jar:1.3:compile, org.codehaus.plexus:plexus-utils=org.codehaus.plexus:plexus-utils:jar:3.0.8:compile, org.apache.maven:maven-artifact=org.apache.maven:maven-artifact:jar:2.0.9:compile, org.apache.maven:maven-project=org.apache.maven:maven-project:jar:2.0.9:compile, org.apache.maven:maven-settings=org.apache.maven:maven-settings:jar:2.0.9:compile, org.apache.maven:maven-profile=org.apache.maven:maven-profile:jar:2.0.9:compile, org.apache.maven:maven-model=org.apache.maven:maven-model:jar:2.0.9:compile, org.apache.maven:maven-artifact-manager=org.apache.maven:maven-artifact-manager:jar:2.0.9:compile, org.apache.maven:maven-plugin-registry=org.apache.maven:maven-plugin-registry:jar:2.0.9:compile, org.codehaus.plexus:plexus-container-default=org.codehaus.plexus:plexus-container-default:jar:1.0-alpha-9-stable-1:compile, org.apache.maven:maven-core=org.apache.maven:maven-core:jar:2.0.9:compile, org.apache.maven:maven-plugin-parameter-documenter=org.apache.maven:maven-plugin-parameter-documenter:jar:2.0.9:compile, org.apache.maven.reporting:maven-reporting-api=org.apache.maven.reporting:maven-reporting-api:jar:2.0.9:compile, org.apache.maven:maven-repository-metadata=org.apache.maven:maven-repository-metadata:jar:2.0.9:compile, org.apache.maven:maven-error-diagnostics=org.apache.maven:maven-error-diagnostics:jar:2.0.9:compile, org.apache.maven:maven-plugin-descriptor=org.apache.maven:maven-plugin-descriptor:jar:2.0.9:compile, org.apache.maven:maven-monitor=org.apache.maven:maven-monitor:jar:2.0.9:compile, classworlds:classworlds=classworlds:classworlds:jar:1.1:compile, org.apache.maven:maven-toolchain=org.apache.maven:maven-toolchain:jar:2.0.9:compile, org.apache.maven.plugin-tools:maven-plugin-annotations=org.apache.maven.plugin-tools:maven-plugin-annotations:jar:3.1:compile}
[DEBUG]   (f) pluginDescriptor = Component Descriptor: role: 'org.apache.maven.plugin.Mojo', implementation: 'org.apache.maven.plugin.surefire.HelpMojo', role hint: 'org.apache.maven.plugins:maven-surefire-plugin:2.12.4:help'
role: 'org.apache.maven.plugin.Mojo', implementation: 'org.apache.maven.plugin.surefire.SurefirePlugin', role hint: 'org.apache.maven.plugins:maven-surefire-plugin:2.12.4:test'
---
[DEBUG]   (s) printSummary = true
[DEBUG]   (s) projectArtifactMap = {io.cucumber:cucumber-java=io.cucumber:cucumber-java:jar:5.0.0:test, io.cucumber:cucumber-core=io.cucumber:cucumber-core:jar:5.0.0:test, io.cucumber:cucumber-gherkin=io.cucumber:cucumber-gherkin:jar:5.0.0:test, io.cucumber:cucumber-gherkin-vintage=io.cucumber:cucumber-gherkin-vintage:jar:5.0.0:test, io.cucumber:tag-expressions=io.cucumber:tag-expressions:jar:2.0.4:test, io.cucumber:cucumber-expressions=io.cucumber:cucumber-expressions:jar:8.3.1:test, io.cucumber:datatable=io.cucumber:datatable:jar:3.2.0:test, io.cucumber:cucumber-plugin=io.cucumber:cucumber-plugin:jar:5.0.0:test, io.cucumber:docstring=io.cucumber:docstring:jar:5.0.0:test, org.apiguardian:apiguardian-api=org.apiguardian:apiguardian-api:jar:1.1.0:test, io.cucumber:cucumber-junit=io.cucumber:cucumber-junit:jar:5.0.0:test, junit:junit=junit:junit:jar:4.12:test, org.hamcrest:hamcrest-core=org.hamcrest:hamcrest-core:jar:1.3:test}
[DEBUG]   (s) redirectTestOutputToFile = false
[DEBUG]   (s) remoteRepositories = [      id: central
      url: https://repo.maven.apache.org/maven2
   layout: default
snapshots: [enabled => false, update => daily]
 releases: [enabled => true, update => never]
   blocked: false
]
[DEBUG]   (s) reportFormat = brief
[DEBUG]   (s) reportsDirectory = /Users/sritejkurapati/SampleCucumber/cucumbersample/target/surefire-reports
[DEBUG]   (s) runOrder = filesystem
[DEBUG]   (s) skip = false
[DEBUG]   (s) skipTests = false
[DEBUG]   (s) testClassesDirectory = /Users/sritejkurapati/SampleCucumber/cucumbersample/target/test-classes
[DEBUG]   (s) testFailureIgnore = false
[DEBUG]   (s) testNGArtifactName = org.testng:testng
[DEBUG]   (s) testSourceDirectory = /Users/sritejkurapati/SampleCucumber/cucumbersample/src/test/java
[DEBUG]   (s) trimStackTrace = true
[DEBUG]   (s) useFile = true
[DEBUG]   (s) useManifestOnlyJar = true
[DEBUG]   (s) useSystemClassLoader = true
[DEBUG]   (s) useUnlimitedThreads = false
[DEBUG]   (s) workingDirectory = /Users/sritejkurapati/SampleCucumber/cucumbersample
[DEBUG]   (s) project = MavenProject: com.testdemo:cucumbersample:1.0-SNAPSHOT @ /Users/sritejkurapati/SampleCucumber/cucumbersample/pom.xml
[DEBUG]   (s) session = org.apache.maven.execution.MavenSession@30404dba
[DEBUG] -- end configuration --
[INFO] ------------------------------------------------------------------------
[INFO] BUILD SUCCESS
[INFO] ------------------------------------------------------------------------
[INFO] Total time:  1.894 s
[INFO] Finished at: 2021-08-06T08:07:30+05:30
[INFO] ------------------------------------------------------------------------
